<?xml version="1.0" encoding="UTF-8"?>
<coverage generated="1565356999758" clover="3.2.0">
  <project timestamp="1565356999758" name="All files">
    <metrics statements="126" coveredstatements="75" conditionals="70" coveredconditionals="39" methods="53" coveredmethods="24" elements="249" coveredelements="138" complexity="0" loc="126" ncloc="126" packages="6" files="20" classes="20"/>
    <package name="src.api">
      <metrics statements="14" coveredstatements="4" conditionals="8" coveredconditionals="1" methods="6" coveredmethods="2"/>
      <file name="apiUtils.js" path="/Users/shaluchandwani/Documents/Demo-Project-React/demo-Project-React/src/api/apiUtils.js">
        <metrics statements="7" coveredstatements="1" conditionals="4" coveredconditionals="1" methods="2" coveredmethods="1"/>
        <line num="2" count="1" type="cond" truecount="1" falsecount="1"/>
        <line num="3" count="0" type="cond" truecount="0" falsecount="2"/>
        <line num="4" count="0" type="stmt"/>
        <line num="5" count="0" type="stmt"/>
        <line num="7" count="0" type="stmt"/>
        <line num="12" count="0" type="stmt"/>
        <line num="13" count="0" type="stmt"/>
      </file>
      <file name="galleryApi.js" path="/Users/shaluchandwani/Documents/Demo-Project-React/demo-Project-React/src/api/galleryApi.js">
        <metrics statements="5" coveredstatements="2" conditionals="4" coveredconditionals="0" methods="3" coveredmethods="1"/>
        <line num="2" count="4" type="stmt"/>
        <line num="5" count="1" type="stmt"/>
        <line num="11" count="0" type="stmt"/>
        <line num="12" count="0" type="cond" truecount="0" falsecount="2"/>
        <line num="22" count="0" type="stmt"/>
      </file>
      <file name="venderApi.js" path="/Users/shaluchandwani/Documents/Demo-Project-React/demo-Project-React/src/api/venderApi.js">
        <metrics statements="2" coveredstatements="1" conditionals="0" coveredconditionals="0" methods="1" coveredmethods="0"/>
        <line num="2" count="1" type="stmt"/>
        <line num="5" count="0" type="stmt"/>
      </file>
    </package>
    <package name="src.components.Gallery">
      <metrics statements="39" coveredstatements="23" conditionals="34" coveredconditionals="17" methods="15" coveredmethods="6"/>
      <file name="GalleryForm.js" path="/Users/shaluchandwani/Documents/Demo-Project-React/demo-Project-React/src/components/Gallery/GalleryForm.js">
        <metrics statements="4" coveredstatements="4" conditionals="10" coveredconditionals="8" methods="2" coveredmethods="2"/>
        <line num="6" count="4" type="stmt"/>
        <line num="14" count="11" type="stmt"/>
        <line num="35" count="15" type="stmt"/>
        <line num="66" count="4" type="stmt"/>
      </file>
      <file name="ManageGalleryPage.js" path="/Users/shaluchandwani/Documents/Demo-Project-React/demo-Project-React/src/components/Gallery/ManageGalleryPage.js">
        <metrics statements="35" coveredstatements="19" conditionals="24" coveredconditionals="9" methods="13" coveredmethods="4"/>
        <line num="20" count="3" type="stmt"/>
        <line num="21" count="3" type="stmt"/>
        <line num="22" count="3" type="stmt"/>
        <line num="24" count="3" type="stmt"/>
        <line num="25" count="1" type="cond" truecount="1" falsecount="1"/>
        <line num="26" count="0" type="stmt"/>
        <line num="27" count="0" type="stmt"/>
        <line num="30" count="1" type="stmt"/>
        <line num="33" count="1" type="cond" truecount="1" falsecount="1"/>
        <line num="34" count="0" type="stmt"/>
        <line num="35" count="0" type="stmt"/>
        <line num="41" count="0" type="stmt"/>
        <line num="42" count="0" type="stmt"/>
        <line num="48" count="1" type="stmt"/>
        <line num="49" count="1" type="stmt"/>
        <line num="50" count="1" type="cond" truecount="1" falsecount="1"/>
        <line num="51" count="1" type="cond" truecount="1" falsecount="1"/>
        <line num="52" count="1" type="cond" truecount="1" falsecount="1"/>
        <line num="54" count="1" type="stmt"/>
        <line num="55" count="1" type="stmt"/>
        <line num="59" count="1" type="stmt"/>
        <line num="60" count="1" type="cond" truecount="1" falsecount="1"/>
        <line num="61" count="0" type="stmt"/>
        <line num="62" count="0" type="stmt"/>
        <line num="64" count="0" type="stmt"/>
        <line num="65" count="0" type="stmt"/>
        <line num="68" count="0" type="stmt"/>
        <line num="69" count="0" type="stmt"/>
        <line num="73" count="3" type="cond" truecount="3" falsecount="1"/>
        <line num="87" count="1" type="stmt"/>
        <line num="98" count="0" type="cond" truecount="0" falsecount="2"/>
        <line num="102" count="0" type="stmt"/>
        <line num="104" count="0" type="cond" truecount="0" falsecount="4"/>
        <line num="107" count="0" type="stmt"/>
        <line num="114" count="1" type="stmt"/>
      </file>
    </package>
    <package name="src.components.common">
      <metrics statements="15" coveredstatements="14" conditionals="8" coveredconditionals="7" methods="5" coveredmethods="4"/>
      <file name="Header.js" path="/Users/shaluchandwani/Documents/Demo-Project-React/demo-Project-React/src/components/common/Header.js">
        <metrics statements="3" coveredstatements="3" conditionals="0" coveredconditionals="0" methods="1" coveredmethods="1"/>
        <line num="4" count="1" type="stmt"/>
        <line num="5" count="2" type="stmt"/>
        <line num="6" count="2" type="stmt"/>
      </file>
      <file name="SelectInput.js" path="/Users/shaluchandwani/Documents/Demo-Project-React/demo-Project-React/src/components/common/SelectInput.js">
        <metrics statements="4" coveredstatements="4" conditionals="2" coveredconditionals="1" methods="2" coveredmethods="2"/>
        <line num="4" count="4" type="stmt"/>
        <line num="13" count="8" type="stmt"/>
        <line num="26" count="15" type="stmt"/>
        <line num="39" count="4" type="stmt"/>
      </file>
      <file name="Spinner.js" path="/Users/shaluchandwani/Documents/Demo-Project-React/demo-Project-React/src/components/common/Spinner.js">
        <metrics statements="2" coveredstatements="1" conditionals="0" coveredconditionals="0" methods="1" coveredmethods="0"/>
        <line num="4" count="1" type="stmt"/>
        <line num="5" count="0" type="stmt"/>
      </file>
      <file name="TextInput.js" path="/Users/shaluchandwani/Documents/Demo-Project-React/demo-Project-React/src/components/common/TextInput.js">
        <metrics statements="6" coveredstatements="6" conditionals="6" coveredconditionals="6" methods="1" coveredmethods="1"/>
        <line num="4" count="4" type="stmt"/>
        <line num="5" count="24" type="stmt"/>
        <line num="6" count="24" type="cond" truecount="4" falsecount="0"/>
        <line num="7" count="2" type="stmt"/>
        <line num="10" count="24" type="stmt"/>
        <line num="28" count="4" type="stmt"/>
      </file>
    </package>
    <package name="src.redux.actions">
      <metrics statements="36" coveredstatements="16" conditionals="2" coveredconditionals="0" methods="21" coveredmethods="7"/>
      <file name="GalleryActions.js" path="/Users/shaluchandwani/Documents/Demo-Project-React/demo-Project-React/src/redux/actions/GalleryActions.js">
        <metrics statements="19" coveredstatements="7" conditionals="2" coveredconditionals="0" methods="14" coveredmethods="6"/>
        <line num="6" count="1" type="stmt"/>
        <line num="9" count="3" type="stmt"/>
        <line num="13" count="1" type="stmt"/>
        <line num="17" count="0" type="stmt"/>
        <line num="21" count="1" type="stmt"/>
        <line num="22" count="1" type="stmt"/>
        <line num="23" count="1" type="stmt"/>
        <line num="26" count="1" type="stmt"/>
        <line num="29" count="0" type="stmt"/>
        <line num="30" count="0" type="stmt"/>
        <line num="37" count="0" type="stmt"/>
        <line num="38" count="0" type="stmt"/>
        <line num="39" count="0" type="stmt"/>
        <line num="42" count="0" type="cond" truecount="0" falsecount="2"/>
        <line num="47" count="0" type="stmt"/>
        <line num="48" count="0" type="stmt"/>
        <line num="54" count="0" type="stmt"/>
        <line num="55" count="0" type="stmt"/>
        <line num="56" count="0" type="stmt"/>
      </file>
      <file name="VenderActions.js" path="/Users/shaluchandwani/Documents/Demo-Project-React/demo-Project-React/src/redux/actions/VenderActions.js">
        <metrics statements="7" coveredstatements="0" conditionals="0" coveredconditionals="0" methods="5" coveredmethods="0"/>
        <line num="6" count="0" type="stmt"/>
        <line num="10" count="0" type="stmt"/>
        <line num="11" count="0" type="stmt"/>
        <line num="12" count="0" type="stmt"/>
        <line num="15" count="0" type="stmt"/>
        <line num="18" count="0" type="stmt"/>
        <line num="19" count="0" type="stmt"/>
      </file>
      <file name="actionTypes.js" path="/Users/shaluchandwani/Documents/Demo-Project-React/demo-Project-React/src/redux/actions/actionTypes.js">
        <metrics statements="8" coveredstatements="8" conditionals="0" coveredconditionals="0" methods="0" coveredmethods="0"/>
        <line num="1" count="4" type="stmt"/>
        <line num="2" count="4" type="stmt"/>
        <line num="3" count="4" type="stmt"/>
        <line num="4" count="4" type="stmt"/>
        <line num="5" count="4" type="stmt"/>
        <line num="6" count="4" type="stmt"/>
        <line num="7" count="4" type="stmt"/>
        <line num="8" count="4" type="stmt"/>
      </file>
      <file name="apiStatusActions.js" path="/Users/shaluchandwani/Documents/Demo-Project-React/demo-Project-React/src/redux/actions/apiStatusActions.js">
        <metrics statements="2" coveredstatements="1" conditionals="0" coveredconditionals="0" methods="2" coveredmethods="1"/>
        <line num="4" count="1" type="stmt"/>
        <line num="8" count="0" type="stmt"/>
      </file>
    </package>
    <package name="src.redux.reducers">
      <metrics statements="17" coveredstatements="13" conditionals="18" coveredconditionals="14" methods="6" coveredmethods="5"/>
      <file name="GalleryReducer.js" path="/Users/shaluchandwani/Documents/Demo-Project-React/demo-Project-React/src/redux/reducers/GalleryReducer.js">
        <metrics statements="7" coveredstatements="5" conditionals="8" coveredconditionals="6" methods="3" coveredmethods="2"/>
        <line num="5" count="6" type="cond" truecount="3" falsecount="2"/>
        <line num="7" count="2" type="stmt"/>
        <line num="9" count="0" type="stmt"/>
        <line num="11" count="1" type="stmt"/>
        <line num="12" count="3" type="cond" truecount="2" falsecount="0"/>
        <line num="15" count="0" type="stmt"/>
        <line num="17" count="3" type="stmt"/>
      </file>
      <file name="VenderReducer.js" path="/Users/shaluchandwani/Documents/Demo-Project-React/demo-Project-React/src/redux/reducers/VenderReducer.js">
        <metrics statements="3" coveredstatements="2" conditionals="3" coveredconditionals="2" methods="1" coveredmethods="1"/>
        <line num="5" count="4" type="cond" truecount="1" falsecount="1"/>
        <line num="7" count="0" type="stmt"/>
        <line num="9" count="4" type="stmt"/>
      </file>
      <file name="apiStatusReducer.js" path="/Users/shaluchandwani/Documents/Demo-Project-React/demo-Project-React/src/redux/reducers/apiStatusReducer.js">
        <metrics statements="6" coveredstatements="5" conditionals="7" coveredconditionals="6" methods="2" coveredmethods="2"/>
        <line num="5" count="4" type="stmt"/>
        <line num="12" count="4" type="cond" truecount="1" falsecount="1"/>
        <line num="13" count="0" type="stmt"/>
        <line num="14" count="4" type="cond" truecount="2" falsecount="0"/>
        <line num="18" count="1" type="stmt"/>
        <line num="21" count="3" type="stmt"/>
      </file>
      <file name="index.js" path="/Users/shaluchandwani/Documents/Demo-Project-React/demo-Project-React/src/redux/reducers/index.js">
        <metrics statements="1" coveredstatements="1" conditionals="0" coveredconditionals="0" methods="0" coveredmethods="0"/>
        <line num="6" count="1" type="stmt"/>
      </file>
      <file name="initialState.js" path="/Users/shaluchandwani/Documents/Demo-Project-React/demo-Project-React/src/redux/reducers/initialState.js">
        <metrics statements="0" coveredstatements="0" conditionals="0" coveredconditionals="0" methods="0" coveredmethods="0"/>
      </file>
    </package>
    <package name="tools">
      <metrics statements="5" coveredstatements="5" conditionals="0" coveredconditionals="0" methods="0" coveredmethods="0"/>
      <file name="mockData.js" path="/Users/shaluchandwani/Documents/Demo-Project-React/demo-Project-React/tools/mockData.js">
        <metrics statements="4" coveredstatements="4" conditionals="0" coveredconditionals="0" methods="0" coveredmethods="0"/>
        <line num="1" count="3" type="stmt"/>
        <line num="102" count="3" type="stmt"/>
        <line num="108" count="3" type="stmt"/>
        <line num="116" count="3" type="stmt"/>
      </file>
      <file name="styleMock.js" path="/Users/shaluchandwani/Documents/Demo-Project-React/demo-Project-React/tools/styleMock.js">
        <metrics statements="1" coveredstatements="1" conditionals="0" coveredconditionals="0" methods="0" coveredmethods="0"/>
        <line num="1" count="1" type="stmt"/>
      </file>
    </package>
  </project>
</coverage>
