{"/Users/shaluchandwani/Documents/Demo-Project-React/demo-Project-React/src/api/apiUtils.js": {"path":"/Users/shaluchandwani/Documents/Demo-Project-React/demo-Project-React/src/api/apiUtils.js","statementMap":{"0":{"start":{"line":2,"column":2},"end":{"line":2,"column":42}},"1":{"start":{"line":2,"column":19},"end":{"line":2,"column":42}},"2":{"start":{"line":3,"column":2},"end":{"line":6,"column":3}},"3":{"start":{"line":4,"column":18},"end":{"line":4,"column":39}},"4":{"start":{"line":5,"column":4},"end":{"line":5,"column":27}},"5":{"start":{"line":7,"column":2},"end":{"line":7,"column":50}},"6":{"start":{"line":12,"column":2},"end":{"line":12,"column":45}},"7":{"start":{"line":13,"column":2},"end":{"line":13,"column":14}}},"fnMap":{"0":{"name":"handleResponse","decl":{"start":{"line":1,"column":22},"end":{"line":1,"column":36}},"loc":{"start":{"line":1,"column":47},"end":{"line":8,"column":1}},"line":1},"1":{"name":"handleError","decl":{"start":{"line":10,"column":16},"end":{"line":10,"column":27}},"loc":{"start":{"line":10,"column":35},"end":{"line":14,"column":1}},"line":10}},"branchMap":{"0":{"loc":{"start":{"line":2,"column":2},"end":{"line":2,"column":42}},"type":"if","locations":[{"start":{"line":2,"column":2},"end":{"line":2,"column":42}},{"start":{"line":2,"column":2},"end":{"line":2,"column":42}}],"line":2},"1":{"loc":{"start":{"line":3,"column":2},"end":{"line":6,"column":3}},"type":"if","locations":[{"start":{"line":3,"column":2},"end":{"line":6,"column":3}},{"start":{"line":3,"column":2},"end":{"line":6,"column":3}}],"line":3}},"s":{"0":1,"1":1,"2":0,"3":0,"4":0,"5":0,"6":0,"7":0},"f":{"0":1,"1":0},"b":{"0":[1,0],"1":[0,0]},"_coverageSchema":"43e27e138ebf9cfc5966b082cf9a028302ed4184","hash":"5a5ccb690b524ea5cf0eaa37f876473b0e9dcb6c"}
,"/Users/shaluchandwani/Documents/Demo-Project-React/demo-Project-React/src/api/galleryApi.js": {"path":"/Users/shaluchandwani/Documents/Demo-Project-React/demo-Project-React/src/api/galleryApi.js","statementMap":{"0":{"start":{"line":2,"column":16},"end":{"line":2,"column":49}},"1":{"start":{"line":5,"column":2},"end":{"line":7,"column":24}},"2":{"start":{"line":11,"column":2},"end":{"line":11,"column":11}},"3":{"start":{"line":12,"column":2},"end":{"line":18,"column":24}},"4":{"start":{"line":22,"column":2},"end":{"line":24,"column":24}}},"fnMap":{"0":{"name":"getGallery","decl":{"start":{"line":4,"column":16},"end":{"line":4,"column":26}},"loc":{"start":{"line":4,"column":29},"end":{"line":8,"column":1}},"line":4},"1":{"name":"saveGallery","decl":{"start":{"line":10,"column":16},"end":{"line":10,"column":27}},"loc":{"start":{"line":10,"column":40},"end":{"line":19,"column":1}},"line":10},"2":{"name":"deleteGallery","decl":{"start":{"line":21,"column":16},"end":{"line":21,"column":29}},"loc":{"start":{"line":21,"column":41},"end":{"line":25,"column":1}},"line":21}},"branchMap":{"0":{"loc":{"start":{"line":12,"column":26},"end":{"line":12,"column":45}},"type":"binary-expr","locations":[{"start":{"line":12,"column":26},"end":{"line":12,"column":39}},{"start":{"line":12,"column":43},"end":{"line":12,"column":45}}],"line":12},"1":{"loc":{"start":{"line":13,"column":12},"end":{"line":13,"column":42}},"type":"cond-expr","locations":[{"start":{"line":13,"column":28},"end":{"line":13,"column":33}},{"start":{"line":13,"column":36},"end":{"line":13,"column":42}}],"line":13}},"s":{"0":4,"1":1,"2":0,"3":0,"4":0},"f":{"0":1,"1":0,"2":0},"b":{"0":[0,0],"1":[0,0]},"_coverageSchema":"43e27e138ebf9cfc5966b082cf9a028302ed4184","hash":"7f3d4b505518fb81dbb2b97f45d1a9eb83cea1a4"}
,"/Users/shaluchandwani/Documents/Demo-Project-React/demo-Project-React/src/api/venderApi.js": {"path":"/Users/shaluchandwani/Documents/Demo-Project-React/demo-Project-React/src/api/venderApi.js","statementMap":{"0":{"start":{"line":2,"column":16},"end":{"line":2,"column":49}},"1":{"start":{"line":5,"column":2},"end":{"line":7,"column":24}}},"fnMap":{"0":{"name":"getvenders","decl":{"start":{"line":4,"column":16},"end":{"line":4,"column":26}},"loc":{"start":{"line":4,"column":29},"end":{"line":8,"column":1}},"line":4}},"branchMap":{},"s":{"0":1,"1":0},"f":{"0":0},"b":{},"_coverageSchema":"43e27e138ebf9cfc5966b082cf9a028302ed4184","hash":"dffa47a8f7150d4d4e28c0007951fd4ff2182113"}
,"/Users/shaluchandwani/Documents/Demo-Project-React/demo-Project-React/src/components/Gallery/GalleryForm.js": {"path":"/Users/shaluchandwani/Documents/Demo-Project-React/demo-Project-React/src/components/Gallery/GalleryForm.js","statementMap":{"0":{"start":{"line":6,"column":23},"end":{"line":64,"column":1}},"1":{"start":{"line":14,"column":2},"end":{"line":63,"column":4}},"2":{"start":{"line":35,"column":40},"end":{"line":38,"column":9}},"3":{"start":{"line":66,"column":0},"end":{"line":73,"column":2}}},"fnMap":{"0":{"name":"(anonymous_0)","decl":{"start":{"line":6,"column":23},"end":{"line":6,"column":24}},"loc":{"start":{"line":13,"column":6},"end":{"line":64,"column":1}},"line":13},"1":{"name":"(anonymous_1)","decl":{"start":{"line":35,"column":29},"end":{"line":35,"column":30}},"loc":{"start":{"line":35,"column":40},"end":{"line":38,"column":9}},"line":35}},"branchMap":{"0":{"loc":{"start":{"line":11,"column":2},"end":{"line":11,"column":16}},"type":"default-arg","locations":[{"start":{"line":11,"column":11},"end":{"line":11,"column":16}}],"line":11},"1":{"loc":{"start":{"line":12,"column":2},"end":{"line":12,"column":13}},"type":"default-arg","locations":[{"start":{"line":12,"column":11},"end":{"line":12,"column":13}}],"line":12},"2":{"loc":{"start":{"line":16,"column":11},"end":{"line":16,"column":41}},"type":"cond-expr","locations":[{"start":{"line":16,"column":27},"end":{"line":16,"column":33}},{"start":{"line":16,"column":36},"end":{"line":16,"column":41}}],"line":16},"3":{"loc":{"start":{"line":17,"column":7},"end":{"line":21,"column":7}},"type":"binary-expr","locations":[{"start":{"line":17,"column":7},"end":{"line":17,"column":20}},{"start":{"line":18,"column":8},"end":{"line":20,"column":14}}],"line":17},"4":{"loc":{"start":{"line":33,"column":15},"end":{"line":33,"column":38}},"type":"binary-expr","locations":[{"start":{"line":33,"column":15},"end":{"line":33,"column":32}},{"start":{"line":33,"column":36},"end":{"line":33,"column":38}}],"line":33},"5":{"loc":{"start":{"line":60,"column":9},"end":{"line":60,"column":38}},"type":"cond-expr","locations":[{"start":{"line":60,"column":18},"end":{"line":60,"column":29}},{"start":{"line":60,"column":32},"end":{"line":60,"column":38}}],"line":60}},"s":{"0":4,"1":11,"2":15,"3":4},"f":{"0":11,"1":15},"b":{"0":[0],"1":[2],"2":[2,9],"3":[11,0],"4":[11,9],"5":[3,8]},"_coverageSchema":"43e27e138ebf9cfc5966b082cf9a028302ed4184","hash":"92135ad37c401be9459fd3efd369ed6357d29c82"}
,"/Users/shaluchandwani/Documents/Demo-Project-React/demo-Project-React/src/components/Gallery/ManageGalleryPage.js": {"path":"/Users/shaluchandwani/Documents/Demo-Project-React/demo-Project-React/src/components/Gallery/ManageGalleryPage.js","statementMap":{"0":{"start":{"line":20,"column":35},"end":{"line":20,"column":68}},"1":{"start":{"line":21,"column":30},"end":{"line":21,"column":42}},"2":{"start":{"line":22,"column":30},"end":{"line":22,"column":45}},"3":{"start":{"line":24,"column":2},"end":{"line":38,"column":25}},"4":{"start":{"line":25,"column":4},"end":{"line":31,"column":5}},"5":{"start":{"line":26,"column":6},"end":{"line":28,"column":9}},"6":{"start":{"line":27,"column":8},"end":{"line":27,"column":48}},"7":{"start":{"line":30,"column":6},"end":{"line":30,"column":42}},"8":{"start":{"line":33,"column":4},"end":{"line":37,"column":5}},"9":{"start":{"line":34,"column":6},"end":{"line":36,"column":9}},"10":{"start":{"line":35,"column":8},"end":{"line":35,"column":48}},"11":{"start":{"line":41,"column":28},"end":{"line":41,"column":40}},"12":{"start":{"line":42,"column":4},"end":{"line":45,"column":8}},"13":{"start":{"line":42,"column":31},"end":{"line":45,"column":5}},"14":{"start":{"line":48,"column":36},"end":{"line":48,"column":46}},"15":{"start":{"line":49,"column":19},"end":{"line":49,"column":21}},"16":{"start":{"line":50,"column":4},"end":{"line":50,"column":52}},"17":{"start":{"line":50,"column":16},"end":{"line":50,"column":52}},"18":{"start":{"line":51,"column":4},"end":{"line":51,"column":49}},"19":{"start":{"line":51,"column":15},"end":{"line":51,"column":49}},"20":{"start":{"line":52,"column":4},"end":{"line":52,"column":55}},"21":{"start":{"line":52,"column":17},"end":{"line":52,"column":55}},"22":{"start":{"line":54,"column":4},"end":{"line":54,"column":22}},"23":{"start":{"line":55,"column":4},"end":{"line":55,"column":44}},"24":{"start":{"line":59,"column":4},"end":{"line":59,"column":27}},"25":{"start":{"line":60,"column":4},"end":{"line":60,"column":31}},"26":{"start":{"line":60,"column":24},"end":{"line":60,"column":31}},"27":{"start":{"line":61,"column":4},"end":{"line":61,"column":20}},"28":{"start":{"line":62,"column":4},"end":{"line":70,"column":9}},"29":{"start":{"line":64,"column":8},"end":{"line":64,"column":48}},"30":{"start":{"line":65,"column":8},"end":{"line":65,"column":33}},"31":{"start":{"line":68,"column":8},"end":{"line":68,"column":25}},"32":{"start":{"line":69,"column":8},"end":{"line":69,"column":45}},"33":{"start":{"line":73,"column":2},"end":{"line":84,"column":4}},"34":{"start":{"line":87,"column":0},"end":{"line":95,"column":2}},"35":{"start":{"line":98,"column":2},"end":{"line":98,"column":70}},"36":{"start":{"line":98,"column":36},"end":{"line":98,"column":60}},"37":{"start":{"line":102,"column":15},"end":{"line":102,"column":41}},"38":{"start":{"line":104,"column":4},"end":{"line":106,"column":18}},"39":{"start":{"line":107,"column":2},"end":{"line":111,"column":4}},"40":{"start":{"line":114,"column":27},"end":{"line":118,"column":1}}},"fnMap":{"0":{"name":"ManageGalleryPage","decl":{"start":{"line":11,"column":16},"end":{"line":11,"column":33}},"loc":{"start":{"line":19,"column":3},"end":{"line":85,"column":1}},"line":19},"1":{"name":"(anonymous_1)","decl":{"start":{"line":24,"column":12},"end":{"line":24,"column":13}},"loc":{"start":{"line":24,"column":18},"end":{"line":38,"column":3}},"line":24},"2":{"name":"(anonymous_2)","decl":{"start":{"line":26,"column":26},"end":{"line":26,"column":27}},"loc":{"start":{"line":26,"column":35},"end":{"line":28,"column":7}},"line":26},"3":{"name":"(anonymous_3)","decl":{"start":{"line":34,"column":26},"end":{"line":34,"column":27}},"loc":{"start":{"line":34,"column":35},"end":{"line":36,"column":7}},"line":34},"4":{"name":"handleChange","decl":{"start":{"line":40,"column":11},"end":{"line":40,"column":23}},"loc":{"start":{"line":40,"column":31},"end":{"line":46,"column":3}},"line":40},"5":{"name":"(anonymous_5)","decl":{"start":{"line":42,"column":15},"end":{"line":42,"column":16}},"loc":{"start":{"line":42,"column":31},"end":{"line":45,"column":5}},"line":42},"6":{"name":"formIsValid","decl":{"start":{"line":47,"column":11},"end":{"line":47,"column":22}},"loc":{"start":{"line":47,"column":25},"end":{"line":56,"column":3}},"line":47},"7":{"name":"handleSave","decl":{"start":{"line":58,"column":11},"end":{"line":58,"column":21}},"loc":{"start":{"line":58,"column":29},"end":{"line":71,"column":3}},"line":58},"8":{"name":"(anonymous_8)","decl":{"start":{"line":63,"column":12},"end":{"line":63,"column":13}},"loc":{"start":{"line":63,"column":18},"end":{"line":66,"column":7}},"line":63},"9":{"name":"(anonymous_9)","decl":{"start":{"line":67,"column":13},"end":{"line":67,"column":14}},"loc":{"start":{"line":67,"column":22},"end":{"line":70,"column":7}},"line":67},"10":{"name":"getGalleryBySlug","decl":{"start":{"line":97,"column":16},"end":{"line":97,"column":32}},"loc":{"start":{"line":97,"column":48},"end":{"line":99,"column":1}},"line":97},"11":{"name":"(anonymous_11)","decl":{"start":{"line":98,"column":22},"end":{"line":98,"column":23}},"loc":{"start":{"line":98,"column":36},"end":{"line":98,"column":60}},"line":98},"12":{"name":"mapStateToProps","decl":{"start":{"line":101,"column":9},"end":{"line":101,"column":24}},"loc":{"start":{"line":101,"column":42},"end":{"line":112,"column":1}},"line":101}},"branchMap":{"0":{"loc":{"start":{"line":25,"column":4},"end":{"line":31,"column":5}},"type":"if","locations":[{"start":{"line":25,"column":4},"end":{"line":31,"column":5}},{"start":{"line":25,"column":4},"end":{"line":31,"column":5}}],"line":25},"1":{"loc":{"start":{"line":33,"column":4},"end":{"line":37,"column":5}},"type":"if","locations":[{"start":{"line":33,"column":4},"end":{"line":37,"column":5}},{"start":{"line":33,"column":4},"end":{"line":37,"column":5}}],"line":33},"2":{"loc":{"start":{"line":44,"column":14},"end":{"line":44,"column":61}},"type":"cond-expr","locations":[{"start":{"line":44,"column":34},"end":{"line":44,"column":53}},{"start":{"line":44,"column":56},"end":{"line":44,"column":61}}],"line":44},"3":{"loc":{"start":{"line":50,"column":4},"end":{"line":50,"column":52}},"type":"if","locations":[{"start":{"line":50,"column":4},"end":{"line":50,"column":52}},{"start":{"line":50,"column":4},"end":{"line":50,"column":52}}],"line":50},"4":{"loc":{"start":{"line":51,"column":4},"end":{"line":51,"column":49}},"type":"if","locations":[{"start":{"line":51,"column":4},"end":{"line":51,"column":49}},{"start":{"line":51,"column":4},"end":{"line":51,"column":49}}],"line":51},"5":{"loc":{"start":{"line":52,"column":4},"end":{"line":52,"column":55}},"type":"if","locations":[{"start":{"line":52,"column":4},"end":{"line":52,"column":55}},{"start":{"line":52,"column":4},"end":{"line":52,"column":55}}],"line":52},"6":{"loc":{"start":{"line":60,"column":4},"end":{"line":60,"column":31}},"type":"if","locations":[{"start":{"line":60,"column":4},"end":{"line":60,"column":31}},{"start":{"line":60,"column":4},"end":{"line":60,"column":31}}],"line":60},"7":{"loc":{"start":{"line":73,"column":9},"end":{"line":84,"column":3}},"type":"cond-expr","locations":[{"start":{"line":74,"column":4},"end":{"line":74,"column":15}},{"start":{"line":76,"column":4},"end":{"line":83,"column":6}}],"line":73},"8":{"loc":{"start":{"line":73,"column":9},"end":{"line":73,"column":53}},"type":"binary-expr","locations":[{"start":{"line":73,"column":9},"end":{"line":73,"column":29}},{"start":{"line":73,"column":33},"end":{"line":73,"column":53}}],"line":73},"9":{"loc":{"start":{"line":98,"column":9},"end":{"line":98,"column":69}},"type":"binary-expr","locations":[{"start":{"line":98,"column":9},"end":{"line":98,"column":61}},{"start":{"line":98,"column":65},"end":{"line":98,"column":69}}],"line":98},"10":{"loc":{"start":{"line":104,"column":4},"end":{"line":106,"column":18}},"type":"cond-expr","locations":[{"start":{"line":105,"column":8},"end":{"line":105,"column":45}},{"start":{"line":106,"column":8},"end":{"line":106,"column":18}}],"line":104},"11":{"loc":{"start":{"line":104,"column":4},"end":{"line":104,"column":36}},"type":"binary-expr","locations":[{"start":{"line":104,"column":4},"end":{"line":104,"column":8}},{"start":{"line":104,"column":12},"end":{"line":104,"column":36}}],"line":104}},"s":{"0":3,"1":3,"2":3,"3":3,"4":1,"5":0,"6":0,"7":1,"8":1,"9":0,"10":0,"11":0,"12":0,"13":0,"14":1,"15":1,"16":1,"17":1,"18":1,"19":1,"20":1,"21":0,"22":1,"23":1,"24":1,"25":1,"26":1,"27":0,"28":0,"29":0,"30":0,"31":0,"32":0,"33":3,"34":1,"35":0,"36":0,"37":0,"38":0,"39":0,"40":1},"f":{"0":3,"1":1,"2":0,"3":0,"4":0,"5":0,"6":1,"7":1,"8":0,"9":0,"10":0,"11":0,"12":0},"b":{"0":[0,1],"1":[0,1],"2":[0,0],"3":[1,0],"4":[1,0],"5":[0,1],"6":[1,0],"7":[0,3],"8":[3,3],"9":[0,0],"10":[0,0],"11":[0,0]},"_coverageSchema":"43e27e138ebf9cfc5966b082cf9a028302ed4184","hash":"a7c81fd71fec8ba7a9b0e26768df462d9b53a9bc"}
,"/Users/shaluchandwani/Documents/Demo-Project-React/demo-Project-React/src/components/common/Header.js": {"path":"/Users/shaluchandwani/Documents/Demo-Project-React/demo-Project-React/src/components/common/Header.js","statementMap":{"0":{"start":{"line":4,"column":15},"end":{"line":21,"column":1}},"1":{"start":{"line":5,"column":22},"end":{"line":5,"column":42}},"2":{"start":{"line":6,"column":2},"end":{"line":20,"column":4}}},"fnMap":{"0":{"name":"(anonymous_0)","decl":{"start":{"line":4,"column":15},"end":{"line":4,"column":16}},"loc":{"start":{"line":4,"column":21},"end":{"line":21,"column":1}},"line":4}},"branchMap":{},"s":{"0":1,"1":2,"2":2},"f":{"0":2},"b":{},"_coverageSchema":"43e27e138ebf9cfc5966b082cf9a028302ed4184","hash":"9efe5e71c6a8022c6b3e7327df85953b8339165e"}
,"/Users/shaluchandwani/Documents/Demo-Project-React/demo-Project-React/src/components/common/SelectInput.js": {"path":"/Users/shaluchandwani/Documents/Demo-Project-React/demo-Project-React/src/components/common/SelectInput.js","statementMap":{"0":{"start":{"line":4,"column":20},"end":{"line":37,"column":1}},"1":{"start":{"line":13,"column":2},"end":{"line":36,"column":4}},"2":{"start":{"line":26,"column":12},"end":{"line":30,"column":14}},"3":{"start":{"line":39,"column":0},"end":{"line":47,"column":2}}},"fnMap":{"0":{"name":"(anonymous_0)","decl":{"start":{"line":4,"column":20},"end":{"line":4,"column":21}},"loc":{"start":{"line":12,"column":6},"end":{"line":37,"column":1}},"line":12},"1":{"name":"(anonymous_1)","decl":{"start":{"line":25,"column":23},"end":{"line":25,"column":24}},"loc":{"start":{"line":25,"column":33},"end":{"line":31,"column":11}},"line":25}},"branchMap":{"0":{"loc":{"start":{"line":33,"column":9},"end":{"line":33,"column":67}},"type":"binary-expr","locations":[{"start":{"line":33,"column":9},"end":{"line":33,"column":14}},{"start":{"line":33,"column":18},"end":{"line":33,"column":67}}],"line":33}},"s":{"0":4,"1":8,"2":15,"3":4},"f":{"0":8,"1":15},"b":{"0":[8,0]},"_coverageSchema":"43e27e138ebf9cfc5966b082cf9a028302ed4184","hash":"641eeec1e09af663e630efd7e4319dc280e12765"}
,"/Users/shaluchandwani/Documents/Demo-Project-React/demo-Project-React/src/components/common/Spinner.js": {"path":"/Users/shaluchandwani/Documents/Demo-Project-React/demo-Project-React/src/components/common/Spinner.js","statementMap":{"0":{"start":{"line":4,"column":16},"end":{"line":6,"column":1}},"1":{"start":{"line":5,"column":2},"end":{"line":5,"column":50}}},"fnMap":{"0":{"name":"(anonymous_0)","decl":{"start":{"line":4,"column":16},"end":{"line":4,"column":17}},"loc":{"start":{"line":4,"column":22},"end":{"line":6,"column":1}},"line":4}},"branchMap":{},"s":{"0":1,"1":0},"f":{"0":0},"b":{},"_coverageSchema":"43e27e138ebf9cfc5966b082cf9a028302ed4184","hash":"2e78e108b0cd4480b3b14956eeb7ae226ccbc826"}
,"/Users/shaluchandwani/Documents/Demo-Project-React/demo-Project-React/src/components/common/TextInput.js": {"path":"/Users/shaluchandwani/Documents/Demo-Project-React/demo-Project-React/src/components/common/TextInput.js","statementMap":{"0":{"start":{"line":4,"column":18},"end":{"line":26,"column":1}},"1":{"start":{"line":5,"column":21},"end":{"line":5,"column":33}},"2":{"start":{"line":6,"column":2},"end":{"line":8,"column":3}},"3":{"start":{"line":7,"column":4},"end":{"line":7,"column":38}},"4":{"start":{"line":10,"column":2},"end":{"line":25,"column":4}},"5":{"start":{"line":28,"column":0},"end":{"line":35,"column":2}}},"fnMap":{"0":{"name":"(anonymous_0)","decl":{"start":{"line":4,"column":18},"end":{"line":4,"column":19}},"loc":{"start":{"line":4,"column":76},"end":{"line":26,"column":1}},"line":4}},"branchMap":{"0":{"loc":{"start":{"line":6,"column":2},"end":{"line":8,"column":3}},"type":"if","locations":[{"start":{"line":6,"column":2},"end":{"line":8,"column":3}},{"start":{"line":6,"column":2},"end":{"line":8,"column":3}}],"line":6},"1":{"loc":{"start":{"line":6,"column":6},"end":{"line":6,"column":31}},"type":"binary-expr","locations":[{"start":{"line":6,"column":6},"end":{"line":6,"column":11}},{"start":{"line":6,"column":15},"end":{"line":6,"column":31}}],"line":6},"2":{"loc":{"start":{"line":22,"column":9},"end":{"line":22,"column":67}},"type":"binary-expr","locations":[{"start":{"line":22,"column":9},"end":{"line":22,"column":14}},{"start":{"line":22,"column":18},"end":{"line":22,"column":67}}],"line":22}},"s":{"0":4,"1":24,"2":24,"3":2,"4":24,"5":4},"f":{"0":24},"b":{"0":[2,22],"1":[24,2],"2":[24,2]},"_coverageSchema":"43e27e138ebf9cfc5966b082cf9a028302ed4184","hash":"fdd0df453e7a1e3b5cd2d68749404fde013222c7"}
,"/Users/shaluchandwani/Documents/Demo-Project-React/demo-Project-React/src/redux/actions/GalleryActions.js": {"path":"/Users/shaluchandwani/Documents/Demo-Project-React/demo-Project-React/src/redux/actions/GalleryActions.js","statementMap":{"0":{"start":{"line":6,"column":2},"end":{"line":6,"column":55}},"1":{"start":{"line":9,"column":2},"end":{"line":9,"column":57}},"2":{"start":{"line":13,"column":2},"end":{"line":13,"column":57}},"3":{"start":{"line":17,"column":2},"end":{"line":17,"column":59}},"4":{"start":{"line":21,"column":2},"end":{"line":32,"column":4}},"5":{"start":{"line":22,"column":4},"end":{"line":22,"column":29}},"6":{"start":{"line":23,"column":4},"end":{"line":31,"column":9}},"7":{"start":{"line":26,"column":8},"end":{"line":26,"column":45}},"8":{"start":{"line":29,"column":8},"end":{"line":29,"column":38}},"9":{"start":{"line":30,"column":8},"end":{"line":30,"column":20}},"10":{"start":{"line":37,"column":2},"end":{"line":50,"column":4}},"11":{"start":{"line":38,"column":4},"end":{"line":38,"column":29}},"12":{"start":{"line":39,"column":4},"end":{"line":49,"column":9}},"13":{"start":{"line":42,"column":8},"end":{"line":44,"column":57}},"14":{"start":{"line":47,"column":8},"end":{"line":47,"column":38}},"15":{"start":{"line":48,"column":8},"end":{"line":48,"column":20}},"16":{"start":{"line":54,"column":2},"end":{"line":57,"column":4}},"17":{"start":{"line":55,"column":4},"end":{"line":55,"column":49}},"18":{"start":{"line":56,"column":4},"end":{"line":56,"column":51}}},"fnMap":{"0":{"name":"loadGallerySucess","decl":{"start":{"line":5,"column":16},"end":{"line":5,"column":33}},"loc":{"start":{"line":5,"column":43},"end":{"line":7,"column":1}},"line":5},"1":{"name":"createGallerySuccess","decl":{"start":{"line":8,"column":16},"end":{"line":8,"column":36}},"loc":{"start":{"line":8,"column":46},"end":{"line":10,"column":1}},"line":8},"2":{"name":"updateGallerySuccess","decl":{"start":{"line":12,"column":16},"end":{"line":12,"column":36}},"loc":{"start":{"line":12,"column":46},"end":{"line":14,"column":1}},"line":12},"3":{"name":"deleteCourseOptimistic","decl":{"start":{"line":16,"column":16},"end":{"line":16,"column":38}},"loc":{"start":{"line":16,"column":48},"end":{"line":18,"column":1}},"line":16},"4":{"name":"loadGallery","decl":{"start":{"line":20,"column":16},"end":{"line":20,"column":27}},"loc":{"start":{"line":20,"column":30},"end":{"line":33,"column":1}},"line":20},"5":{"name":"(anonymous_5)","decl":{"start":{"line":21,"column":9},"end":{"line":21,"column":10}},"loc":{"start":{"line":21,"column":28},"end":{"line":32,"column":3}},"line":21},"6":{"name":"(anonymous_6)","decl":{"start":{"line":25,"column":12},"end":{"line":25,"column":13}},"loc":{"start":{"line":25,"column":23},"end":{"line":27,"column":7}},"line":25},"7":{"name":"(anonymous_7)","decl":{"start":{"line":28,"column":13},"end":{"line":28,"column":14}},"loc":{"start":{"line":28,"column":22},"end":{"line":31,"column":7}},"line":28},"8":{"name":"saveGallery","decl":{"start":{"line":35,"column":16},"end":{"line":35,"column":27}},"loc":{"start":{"line":35,"column":40},"end":{"line":51,"column":1}},"line":35},"9":{"name":"(anonymous_9)","decl":{"start":{"line":37,"column":9},"end":{"line":37,"column":10}},"loc":{"start":{"line":37,"column":38},"end":{"line":50,"column":3}},"line":37},"10":{"name":"(anonymous_10)","decl":{"start":{"line":41,"column":12},"end":{"line":41,"column":13}},"loc":{"start":{"line":41,"column":28},"end":{"line":45,"column":7}},"line":41},"11":{"name":"(anonymous_11)","decl":{"start":{"line":46,"column":13},"end":{"line":46,"column":14}},"loc":{"start":{"line":46,"column":22},"end":{"line":49,"column":7}},"line":46},"12":{"name":"deleteGallery","decl":{"start":{"line":53,"column":16},"end":{"line":53,"column":29}},"loc":{"start":{"line":53,"column":42},"end":{"line":58,"column":1}},"line":53},"13":{"name":"(anonymous_13)","decl":{"start":{"line":54,"column":9},"end":{"line":54,"column":10}},"loc":{"start":{"line":54,"column":28},"end":{"line":57,"column":3}},"line":54}},"branchMap":{"0":{"loc":{"start":{"line":42,"column":8},"end":{"line":44,"column":56}},"type":"cond-expr","locations":[{"start":{"line":43,"column":12},"end":{"line":43,"column":56}},{"start":{"line":44,"column":12},"end":{"line":44,"column":56}}],"line":42}},"s":{"0":1,"1":3,"2":1,"3":0,"4":1,"5":1,"6":1,"7":1,"8":0,"9":0,"10":0,"11":0,"12":0,"13":0,"14":0,"15":0,"16":0,"17":0,"18":0},"f":{"0":1,"1":3,"2":1,"3":0,"4":1,"5":1,"6":1,"7":0,"8":0,"9":0,"10":0,"11":0,"12":0,"13":0},"b":{"0":[0,0]},"_coverageSchema":"43e27e138ebf9cfc5966b082cf9a028302ed4184","hash":"0b3cb6cf539945ca521cb5f026313c80e8a1c1fe"}
,"/Users/shaluchandwani/Documents/Demo-Project-React/demo-Project-React/src/redux/actions/VenderActions.js": {"path":"/Users/shaluchandwani/Documents/Demo-Project-React/demo-Project-React/src/redux/actions/VenderActions.js","statementMap":{"0":{"start":{"line":6,"column":2},"end":{"line":6,"column":55}},"1":{"start":{"line":10,"column":2},"end":{"line":21,"column":4}},"2":{"start":{"line":11,"column":4},"end":{"line":11,"column":29}},"3":{"start":{"line":12,"column":4},"end":{"line":20,"column":9}},"4":{"start":{"line":15,"column":8},"end":{"line":15,"column":46}},"5":{"start":{"line":18,"column":8},"end":{"line":18,"column":38}},"6":{"start":{"line":19,"column":8},"end":{"line":19,"column":20}}},"fnMap":{"0":{"name":"loadvendersSuccess","decl":{"start":{"line":5,"column":16},"end":{"line":5,"column":34}},"loc":{"start":{"line":5,"column":44},"end":{"line":7,"column":1}},"line":5},"1":{"name":"loadvenders","decl":{"start":{"line":9,"column":16},"end":{"line":9,"column":27}},"loc":{"start":{"line":9,"column":30},"end":{"line":22,"column":1}},"line":9},"2":{"name":"(anonymous_2)","decl":{"start":{"line":10,"column":9},"end":{"line":10,"column":10}},"loc":{"start":{"line":10,"column":28},"end":{"line":21,"column":3}},"line":10},"3":{"name":"(anonymous_3)","decl":{"start":{"line":14,"column":12},"end":{"line":14,"column":13}},"loc":{"start":{"line":14,"column":23},"end":{"line":16,"column":7}},"line":14},"4":{"name":"(anonymous_4)","decl":{"start":{"line":17,"column":13},"end":{"line":17,"column":14}},"loc":{"start":{"line":17,"column":22},"end":{"line":20,"column":7}},"line":17}},"branchMap":{},"s":{"0":0,"1":0,"2":0,"3":0,"4":0,"5":0,"6":0},"f":{"0":0,"1":0,"2":0,"3":0,"4":0},"b":{},"_coverageSchema":"43e27e138ebf9cfc5966b082cf9a028302ed4184","hash":"6c5de947449879b986888038a9f80db9a42068b8"}
,"/Users/shaluchandwani/Documents/Demo-Project-React/demo-Project-React/src/redux/actions/actionTypes.js": {"path":"/Users/shaluchandwani/Documents/Demo-Project-React/demo-Project-React/src/redux/actions/actionTypes.js","statementMap":{"0":{"start":{"line":1,"column":30},"end":{"line":1,"column":46}},"1":{"start":{"line":2,"column":36},"end":{"line":2,"column":58}},"2":{"start":{"line":3,"column":36},"end":{"line":3,"column":58}},"3":{"start":{"line":4,"column":38},"end":{"line":4,"column":62}},"4":{"start":{"line":5,"column":38},"end":{"line":5,"column":62}},"5":{"start":{"line":6,"column":30},"end":{"line":6,"column":46}},"6":{"start":{"line":7,"column":30},"end":{"line":7,"column":46}},"7":{"start":{"line":8,"column":40},"end":{"line":8,"column":66}}},"fnMap":{},"branchMap":{},"s":{"0":4,"1":4,"2":4,"3":4,"4":4,"5":4,"6":4,"7":4},"f":{},"b":{},"_coverageSchema":"43e27e138ebf9cfc5966b082cf9a028302ed4184","hash":"32d495f145922d607861ebe3d0563fe88a7bd24e"}
,"/Users/shaluchandwani/Documents/Demo-Project-React/demo-Project-React/src/redux/actions/apiStatusActions.js": {"path":"/Users/shaluchandwani/Documents/Demo-Project-React/demo-Project-React/src/redux/actions/apiStatusActions.js","statementMap":{"0":{"start":{"line":4,"column":2},"end":{"line":4,"column":40}},"1":{"start":{"line":8,"column":2},"end":{"line":8,"column":40}}},"fnMap":{"0":{"name":"beginApiCall","decl":{"start":{"line":3,"column":16},"end":{"line":3,"column":28}},"loc":{"start":{"line":3,"column":31},"end":{"line":5,"column":1}},"line":3},"1":{"name":"apiCallError","decl":{"start":{"line":7,"column":16},"end":{"line":7,"column":28}},"loc":{"start":{"line":7,"column":31},"end":{"line":9,"column":1}},"line":7}},"branchMap":{},"s":{"0":1,"1":0},"f":{"0":1,"1":0},"b":{},"_coverageSchema":"43e27e138ebf9cfc5966b082cf9a028302ed4184","hash":"612bc646186aab3bd08f2623030e2fca15563623"}
,"/Users/shaluchandwani/Documents/Demo-Project-React/demo-Project-React/src/redux/reducers/GalleryReducer.js": {"path":"/Users/shaluchandwani/Documents/Demo-Project-React/demo-Project-React/src/redux/reducers/GalleryReducer.js","statementMap":{"0":{"start":{"line":5,"column":2},"end":{"line":18,"column":3}},"1":{"start":{"line":7,"column":6},"end":{"line":7,"column":47}},"2":{"start":{"line":9,"column":6},"end":{"line":9,"column":28}},"3":{"start":{"line":11,"column":6},"end":{"line":13,"column":8}},"4":{"start":{"line":12,"column":8},"end":{"line":12,"column":67}},"5":{"start":{"line":15,"column":6},"end":{"line":15,"column":71}},"6":{"start":{"line":15,"column":37},"end":{"line":15,"column":69}},"7":{"start":{"line":17,"column":6},"end":{"line":17,"column":19}}},"fnMap":{"0":{"name":"GalleryReducer","decl":{"start":{"line":4,"column":24},"end":{"line":4,"column":38}},"loc":{"start":{"line":4,"column":77},"end":{"line":19,"column":1}},"line":4},"1":{"name":"(anonymous_1)","decl":{"start":{"line":11,"column":23},"end":{"line":11,"column":24}},"loc":{"start":{"line":12,"column":8},"end":{"line":12,"column":67}},"line":12},"2":{"name":"(anonymous_2)","decl":{"start":{"line":15,"column":26},"end":{"line":15,"column":27}},"loc":{"start":{"line":15,"column":37},"end":{"line":15,"column":69}},"line":15}},"branchMap":{"0":{"loc":{"start":{"line":4,"column":39},"end":{"line":4,"column":67}},"type":"default-arg","locations":[{"start":{"line":4,"column":47},"end":{"line":4,"column":67}}],"line":4},"1":{"loc":{"start":{"line":5,"column":2},"end":{"line":18,"column":3}},"type":"switch","locations":[{"start":{"line":6,"column":4},"end":{"line":7,"column":47}},{"start":{"line":8,"column":4},"end":{"line":9,"column":28}},{"start":{"line":10,"column":4},"end":{"line":13,"column":8}},{"start":{"line":14,"column":4},"end":{"line":15,"column":71}},{"start":{"line":16,"column":4},"end":{"line":17,"column":19}}],"line":5},"2":{"loc":{"start":{"line":12,"column":8},"end":{"line":12,"column":67}},"type":"cond-expr","locations":[{"start":{"line":12,"column":43},"end":{"line":12,"column":57}},{"start":{"line":12,"column":60},"end":{"line":12,"column":67}}],"line":12}},"s":{"0":6,"1":2,"2":0,"3":1,"4":3,"5":0,"6":0,"7":3},"f":{"0":6,"1":3,"2":0},"b":{"0":[2],"1":[2,0,1,0,3],"2":[1,2]},"_coverageSchema":"43e27e138ebf9cfc5966b082cf9a028302ed4184","hash":"b29210f2fedb57bcd75ebc01017e6dd0515adff7"}
,"/Users/shaluchandwani/Documents/Demo-Project-React/demo-Project-React/src/redux/reducers/VenderReducer.js": {"path":"/Users/shaluchandwani/Documents/Demo-Project-React/demo-Project-React/src/redux/reducers/VenderReducer.js","statementMap":{"0":{"start":{"line":5,"column":2},"end":{"line":10,"column":3}},"1":{"start":{"line":7,"column":6},"end":{"line":7,"column":28}},"2":{"start":{"line":9,"column":6},"end":{"line":9,"column":19}}},"fnMap":{"0":{"name":"VenderReducer","decl":{"start":{"line":4,"column":24},"end":{"line":4,"column":37}},"loc":{"start":{"line":4,"column":76},"end":{"line":11,"column":1}},"line":4}},"branchMap":{"0":{"loc":{"start":{"line":4,"column":38},"end":{"line":4,"column":66}},"type":"default-arg","locations":[{"start":{"line":4,"column":46},"end":{"line":4,"column":66}}],"line":4},"1":{"loc":{"start":{"line":5,"column":2},"end":{"line":10,"column":3}},"type":"switch","locations":[{"start":{"line":6,"column":4},"end":{"line":7,"column":28}},{"start":{"line":8,"column":4},"end":{"line":9,"column":19}}],"line":5}},"s":{"0":4,"1":0,"2":4},"f":{"0":4},"b":{"0":[2],"1":[0,4]},"_coverageSchema":"43e27e138ebf9cfc5966b082cf9a028302ed4184","hash":"03677698477ebc65efeb93979220ea49059611fd"}
,"/Users/shaluchandwani/Documents/Demo-Project-React/demo-Project-React/src/redux/reducers/apiStatusReducer.js": {"path":"/Users/shaluchandwani/Documents/Demo-Project-React/demo-Project-React/src/redux/reducers/apiStatusReducer.js","statementMap":{"0":{"start":{"line":5,"column":2},"end":{"line":5,"column":56}},"1":{"start":{"line":12,"column":2},"end":{"line":19,"column":3}},"2":{"start":{"line":13,"column":4},"end":{"line":13,"column":21}},"3":{"start":{"line":14,"column":9},"end":{"line":19,"column":3}},"4":{"start":{"line":18,"column":4},"end":{"line":18,"column":21}},"5":{"start":{"line":21,"column":2},"end":{"line":21,"column":15}}},"fnMap":{"0":{"name":"actionTypeEndsInSuccess","decl":{"start":{"line":4,"column":9},"end":{"line":4,"column":32}},"loc":{"start":{"line":4,"column":39},"end":{"line":6,"column":1}},"line":4},"1":{"name":"apiCallStatusReducer","decl":{"start":{"line":8,"column":24},"end":{"line":8,"column":44}},"loc":{"start":{"line":11,"column":2},"end":{"line":22,"column":1}},"line":11}},"branchMap":{"0":{"loc":{"start":{"line":9,"column":2},"end":{"line":9,"column":41}},"type":"default-arg","locations":[{"start":{"line":9,"column":10},"end":{"line":9,"column":41}}],"line":9},"1":{"loc":{"start":{"line":12,"column":2},"end":{"line":19,"column":3}},"type":"if","locations":[{"start":{"line":12,"column":2},"end":{"line":19,"column":3}},{"start":{"line":12,"column":2},"end":{"line":19,"column":3}}],"line":12},"2":{"loc":{"start":{"line":14,"column":9},"end":{"line":19,"column":3}},"type":"if","locations":[{"start":{"line":14,"column":9},"end":{"line":19,"column":3}},{"start":{"line":14,"column":9},"end":{"line":19,"column":3}}],"line":14},"3":{"loc":{"start":{"line":15,"column":4},"end":{"line":16,"column":40}},"type":"binary-expr","locations":[{"start":{"line":15,"column":4},"end":{"line":15,"column":40}},{"start":{"line":16,"column":4},"end":{"line":16,"column":40}}],"line":15}},"s":{"0":4,"1":4,"2":0,"3":4,"4":1,"5":3},"f":{"0":4,"1":4},"b":{"0":[3],"1":[0,4],"2":[1,3],"3":[4,4]},"_coverageSchema":"43e27e138ebf9cfc5966b082cf9a028302ed4184","hash":"257509b66bc7fa231a7a0a974f433ae3a4490fb1"}
,"/Users/shaluchandwani/Documents/Demo-Project-React/demo-Project-React/src/redux/reducers/index.js": {"path":"/Users/shaluchandwani/Documents/Demo-Project-React/demo-Project-React/src/redux/reducers/index.js","statementMap":{"0":{"start":{"line":6,"column":20},"end":{"line":10,"column":2}}},"fnMap":{},"branchMap":{},"s":{"0":1},"f":{},"b":{},"_coverageSchema":"43e27e138ebf9cfc5966b082cf9a028302ed4184","hash":"7aeffebc5aa0590f1b0a4efa1e1f588e780faf43"}
,"/Users/shaluchandwani/Documents/Demo-Project-React/demo-Project-React/src/redux/reducers/initialState.js": {"path":"/Users/shaluchandwani/Documents/Demo-Project-React/demo-Project-React/src/redux/reducers/initialState.js","statementMap":{},"fnMap":{},"branchMap":{},"s":{},"f":{},"b":{},"_coverageSchema":"43e27e138ebf9cfc5966b082cf9a028302ed4184","hash":"59b58654c1af1e75fa1920fec0031b35c5046cf5"}
,"/Users/shaluchandwani/Documents/Demo-Project-React/demo-Project-React/tools/mockData.js": {"path":"/Users/shaluchandwani/Documents/Demo-Project-React/demo-Project-React/tools/mockData.js","statementMap":{"0":{"start":{"line":1,"column":16},"end":{"line":100,"column":1}},"1":{"start":{"line":102,"column":16},"end":{"line":106,"column":1}},"2":{"start":{"line":108,"column":19},"end":{"line":114,"column":1}},"3":{"start":{"line":116,"column":0},"end":{"line":120,"column":2}}},"fnMap":{},"branchMap":{},"s":{"0":3,"1":3,"2":3,"3":3},"f":{},"b":{},"_coverageSchema":"43e27e138ebf9cfc5966b082cf9a028302ed4184","hash":"85d33c42d66601b38a4a51afe2dde87ec69c929b"}
,"/Users/shaluchandwani/Documents/Demo-Project-React/demo-Project-React/tools/styleMock.js": {"path":"/Users/shaluchandwani/Documents/Demo-Project-React/demo-Project-React/tools/styleMock.js","statementMap":{"0":{"start":{"line":1,"column":0},"end":{"line":1,"column":20}}},"fnMap":{},"branchMap":{},"s":{"0":1},"f":{},"b":{},"_coverageSchema":"43e27e138ebf9cfc5966b082cf9a028302ed4184","hash":"84db0db4afe04d7c6d40f614045f6f61e0ff14fa"}
}
