TN:
SF:/Users/shaluchandwani/Documents/Demo-Project-React/demo-Project-React/src/api/apiUtils.js
FN:1,handleResponse
FN:10,handleError
FNF:2
FNH:1
FNDA:1,handleResponse
FNDA:0,handleError
DA:2,1
DA:3,0
DA:4,0
DA:5,0
DA:7,0
DA:12,0
DA:13,0
LF:7
LH:1
BRDA:2,0,0,1
BRDA:2,0,1,0
BRDA:3,1,0,0
BRDA:3,1,1,0
BRF:4
BRH:1
end_of_record
TN:
SF:/Users/shaluchandwani/Documents/Demo-Project-React/demo-Project-React/src/api/galleryApi.js
FN:4,getGallery
FN:10,saveGallery
FN:21,deleteGallery
FNF:3
FNH:1
FNDA:1,getGallery
FNDA:0,saveGallery
FNDA:0,deleteGallery
DA:2,4
DA:5,1
DA:11,0
DA:12,0
DA:22,0
LF:5
LH:2
BRDA:12,0,0,0
BRDA:12,0,1,0
BRDA:13,1,0,0
BRDA:13,1,1,0
BRF:4
BRH:0
end_of_record
TN:
SF:/Users/shaluchandwani/Documents/Demo-Project-React/demo-Project-React/src/api/venderApi.js
FN:4,getvenders
FNF:1
FNH:0
FNDA:0,getvenders
DA:2,1
DA:5,0
LF:2
LH:1
BRF:0
BRH:0
end_of_record
TN:
SF:/Users/shaluchandwani/Documents/Demo-Project-React/demo-Project-React/src/components/Gallery/GalleryForm.js
FN:6,(anonymous_0)
FN:35,(anonymous_1)
FNF:2
FNH:2
FNDA:11,(anonymous_0)
FNDA:15,(anonymous_1)
DA:6,4
DA:14,11
DA:35,15
DA:66,4
LF:4
LH:4
BRDA:11,0,0,0
BRDA:12,1,0,2
BRDA:16,2,0,2
BRDA:16,2,1,9
BRDA:17,3,0,11
BRDA:17,3,1,0
BRDA:33,4,0,11
BRDA:33,4,1,9
BRDA:60,5,0,3
BRDA:60,5,1,8
BRF:10
BRH:8
end_of_record
TN:
SF:/Users/shaluchandwani/Documents/Demo-Project-React/demo-Project-React/src/components/Gallery/ManageGalleryPage.js
FN:11,ManageGalleryPage
FN:24,(anonymous_1)
FN:26,(anonymous_2)
FN:34,(anonymous_3)
FN:40,handleChange
FN:42,(anonymous_5)
FN:47,formIsValid
FN:58,handleSave
FN:63,(anonymous_8)
FN:67,(anonymous_9)
FN:97,getGalleryBySlug
FN:98,(anonymous_11)
FN:101,mapStateToProps
FNF:13
FNH:4
FNDA:3,ManageGalleryPage
FNDA:1,(anonymous_1)
FNDA:0,(anonymous_2)
FNDA:0,(anonymous_3)
FNDA:0,handleChange
FNDA:0,(anonymous_5)
FNDA:1,formIsValid
FNDA:1,handleSave
FNDA:0,(anonymous_8)
FNDA:0,(anonymous_9)
FNDA:0,getGalleryBySlug
FNDA:0,(anonymous_11)
FNDA:0,mapStateToProps
DA:20,3
DA:21,3
DA:22,3
DA:24,3
DA:25,1
DA:26,0
DA:27,0
DA:30,1
DA:33,1
DA:34,0
DA:35,0
DA:41,0
DA:42,0
DA:48,1
DA:49,1
DA:50,1
DA:51,1
DA:52,1
DA:54,1
DA:55,1
DA:59,1
DA:60,1
DA:61,0
DA:62,0
DA:64,0
DA:65,0
DA:68,0
DA:69,0
DA:73,3
DA:87,1
DA:98,0
DA:102,0
DA:104,0
DA:107,0
DA:114,1
LF:35
LH:19
BRDA:25,0,0,0
BRDA:25,0,1,1
BRDA:33,1,0,0
BRDA:33,1,1,1
BRDA:44,2,0,0
BRDA:44,2,1,0
BRDA:50,3,0,1
BRDA:50,3,1,0
BRDA:51,4,0,1
BRDA:51,4,1,0
BRDA:52,5,0,0
BRDA:52,5,1,1
BRDA:60,6,0,1
BRDA:60,6,1,0
BRDA:73,7,0,0
BRDA:73,7,1,3
BRDA:73,8,0,3
BRDA:73,8,1,3
BRDA:98,9,0,0
BRDA:98,9,1,0
BRDA:104,10,0,0
BRDA:104,10,1,0
BRDA:104,11,0,0
BRDA:104,11,1,0
BRF:24
BRH:9
end_of_record
TN:
SF:/Users/shaluchandwani/Documents/Demo-Project-React/demo-Project-React/src/components/common/Header.js
FN:4,(anonymous_0)
FNF:1
FNH:1
FNDA:2,(anonymous_0)
DA:4,1
DA:5,2
DA:6,2
LF:3
LH:3
BRF:0
BRH:0
end_of_record
TN:
SF:/Users/shaluchandwani/Documents/Demo-Project-React/demo-Project-React/src/components/common/SelectInput.js
FN:4,(anonymous_0)
FN:25,(anonymous_1)
FNF:2
FNH:2
FNDA:8,(anonymous_0)
FNDA:15,(anonymous_1)
DA:4,4
DA:13,8
DA:26,15
DA:39,4
LF:4
LH:4
BRDA:33,0,0,8
BRDA:33,0,1,0
BRF:2
BRH:1
end_of_record
TN:
SF:/Users/shaluchandwani/Documents/Demo-Project-React/demo-Project-React/src/components/common/Spinner.js
FN:4,(anonymous_0)
FNF:1
FNH:0
FNDA:0,(anonymous_0)
DA:4,1
DA:5,0
LF:2
LH:1
BRF:0
BRH:0
end_of_record
TN:
SF:/Users/shaluchandwani/Documents/Demo-Project-React/demo-Project-React/src/components/common/TextInput.js
FN:4,(anonymous_0)
FNF:1
FNH:1
FNDA:24,(anonymous_0)
DA:4,4
DA:5,24
DA:6,24
DA:7,2
DA:10,24
DA:28,4
LF:6
LH:6
BRDA:6,0,0,2
BRDA:6,0,1,22
BRDA:6,1,0,24
BRDA:6,1,1,2
BRDA:22,2,0,24
BRDA:22,2,1,2
BRF:6
BRH:6
end_of_record
TN:
SF:/Users/shaluchandwani/Documents/Demo-Project-React/demo-Project-React/src/redux/actions/GalleryActions.js
FN:5,loadGallerySucess
FN:8,createGallerySuccess
FN:12,updateGallerySuccess
FN:16,deleteCourseOptimistic
FN:20,loadGallery
FN:21,(anonymous_5)
FN:25,(anonymous_6)
FN:28,(anonymous_7)
FN:35,saveGallery
FN:37,(anonymous_9)
FN:41,(anonymous_10)
FN:46,(anonymous_11)
FN:53,deleteGallery
FN:54,(anonymous_13)
FNF:14
FNH:6
FNDA:1,loadGallerySucess
FNDA:3,createGallerySuccess
FNDA:1,updateGallerySuccess
FNDA:0,deleteCourseOptimistic
FNDA:1,loadGallery
FNDA:1,(anonymous_5)
FNDA:1,(anonymous_6)
FNDA:0,(anonymous_7)
FNDA:0,saveGallery
FNDA:0,(anonymous_9)
FNDA:0,(anonymous_10)
FNDA:0,(anonymous_11)
FNDA:0,deleteGallery
FNDA:0,(anonymous_13)
DA:6,1
DA:9,3
DA:13,1
DA:17,0
DA:21,1
DA:22,1
DA:23,1
DA:26,1
DA:29,0
DA:30,0
DA:37,0
DA:38,0
DA:39,0
DA:42,0
DA:47,0
DA:48,0
DA:54,0
DA:55,0
DA:56,0
LF:19
LH:7
BRDA:42,0,0,0
BRDA:42,0,1,0
BRF:2
BRH:0
end_of_record
TN:
SF:/Users/shaluchandwani/Documents/Demo-Project-React/demo-Project-React/src/redux/actions/VenderActions.js
FN:5,loadvendersSuccess
FN:9,loadvenders
FN:10,(anonymous_2)
FN:14,(anonymous_3)
FN:17,(anonymous_4)
FNF:5
FNH:0
FNDA:0,loadvendersSuccess
FNDA:0,loadvenders
FNDA:0,(anonymous_2)
FNDA:0,(anonymous_3)
FNDA:0,(anonymous_4)
DA:6,0
DA:10,0
DA:11,0
DA:12,0
DA:15,0
DA:18,0
DA:19,0
LF:7
LH:0
BRF:0
BRH:0
end_of_record
TN:
SF:/Users/shaluchandwani/Documents/Demo-Project-React/demo-Project-React/src/redux/actions/actionTypes.js
FNF:0
FNH:0
DA:1,4
DA:2,4
DA:3,4
DA:4,4
DA:5,4
DA:6,4
DA:7,4
DA:8,4
LF:8
LH:8
BRF:0
BRH:0
end_of_record
TN:
SF:/Users/shaluchandwani/Documents/Demo-Project-React/demo-Project-React/src/redux/actions/apiStatusActions.js
FN:3,beginApiCall
FN:7,apiCallError
FNF:2
FNH:1
FNDA:1,beginApiCall
FNDA:0,apiCallError
DA:4,1
DA:8,0
LF:2
LH:1
BRF:0
BRH:0
end_of_record
TN:
SF:/Users/shaluchandwani/Documents/Demo-Project-React/demo-Project-React/src/redux/reducers/GalleryReducer.js
FN:4,GalleryReducer
FN:11,(anonymous_1)
FN:15,(anonymous_2)
FNF:3
FNH:2
FNDA:6,GalleryReducer
FNDA:3,(anonymous_1)
FNDA:0,(anonymous_2)
DA:5,6
DA:7,2
DA:9,0
DA:11,1
DA:12,3
DA:15,0
DA:17,3
LF:7
LH:5
BRDA:4,0,0,2
BRDA:5,1,0,2
BRDA:5,1,1,0
BRDA:5,1,2,1
BRDA:5,1,3,0
BRDA:5,1,4,3
BRDA:12,2,0,1
BRDA:12,2,1,2
BRF:8
BRH:6
end_of_record
TN:
SF:/Users/shaluchandwani/Documents/Demo-Project-React/demo-Project-React/src/redux/reducers/VenderReducer.js
FN:4,VenderReducer
FNF:1
FNH:1
FNDA:4,VenderReducer
DA:5,4
DA:7,0
DA:9,4
LF:3
LH:2
BRDA:4,0,0,2
BRDA:5,1,0,0
BRDA:5,1,1,4
BRF:3
BRH:2
end_of_record
TN:
SF:/Users/shaluchandwani/Documents/Demo-Project-React/demo-Project-React/src/redux/reducers/apiStatusReducer.js
FN:4,actionTypeEndsInSuccess
FN:8,apiCallStatusReducer
FNF:2
FNH:2
FNDA:4,actionTypeEndsInSuccess
FNDA:4,apiCallStatusReducer
DA:5,4
DA:12,4
DA:13,0
DA:14,4
DA:18,1
DA:21,3
LF:6
LH:5
BRDA:9,0,0,3
BRDA:12,1,0,0
BRDA:12,1,1,4
BRDA:14,2,0,1
BRDA:14,2,1,3
BRDA:15,3,0,4
BRDA:15,3,1,4
BRF:7
BRH:6
end_of_record
TN:
SF:/Users/shaluchandwani/Documents/Demo-Project-React/demo-Project-React/src/redux/reducers/index.js
FNF:0
FNH:0
DA:6,1
LF:1
LH:1
BRF:0
BRH:0
end_of_record
TN:
SF:/Users/shaluchandwani/Documents/Demo-Project-React/demo-Project-React/src/redux/reducers/initialState.js
FNF:0
FNH:0
LF:0
LH:0
BRF:0
BRH:0
end_of_record
TN:
SF:/Users/shaluchandwani/Documents/Demo-Project-React/demo-Project-React/tools/mockData.js
FNF:0
FNH:0
DA:1,3
DA:102,3
DA:108,3
DA:116,3
LF:4
LH:4
BRF:0
BRH:0
end_of_record
TN:
SF:/Users/shaluchandwani/Documents/Demo-Project-React/demo-Project-React/tools/styleMock.js
FNF:0
FNH:0
DA:1,1
LF:1
LH:1
BRF:0
BRH:0
end_of_record
